<?xml version="1.0" encoding="UTF-8"?>
<!-- Generated by org.testng.reporters.JUnitReportReporter -->
<testsuite skipped="0" hostname="DESKTOP-63H537C" name="Tests.HomePageTest" tests="1" failures="0" timestamp="2020-08-28T21:43:29 PDT" time="17.655" errors="0">
  <testcase name="canSignIn" time="17.655" classname="Tests.HomePageTest"/>
  <system-out/>
</testsuite> <!-- Tests.HomePageTest -->
